# command for test: python3 -m doctest -v ./tests/3-say_my_name.txt

import method to test
>>> say_my_name = __import__('3-say_my_name').say_my_name

SUCCESS CASES:

Test two strings given:
     >>> say_my_name("Seun", "Doe Caleb")
     My name is Seun Doe Caleb

     >>> say_my_name("Oluwaseun")
     My name is Oluwaseun 

FAILURE CASES:

Test case - other data types:
     >>> say_my_name(123, "First")
     Traceback (most recent call last):
     ...
     TypeError: first_name must be a string

     >>> say_my_name("Oluwaseun", ["Ak", "Hello"])
     Traceback (most recent call last):
     ...
     TypeError: last_name must be a string

Test case - extra args:
     >>> say_my_name("Oluwaseun", "Ak", "Args")
     Traceback (most recent call last):
     ...
     TypeError: say_my_name() takes from 1 to 2 positional arguments but 3 were given

Test case - too few args
     >>> say_my_name()
     Traceback (most recent call last):
     ...
     TypeError: say_my_name() missing 1 required positional argument: 'first_name'

     >>> say_my_name(None)
     Traceback (most recent call last):
     ...
     TypeError: first_name must be a string
